# JRE version: OpenJDK Runtime Environment Temurin-21.0.8+9 (21.0.8+9) (build 21.0.8+9-LTS)
# Java VM: OpenJDK 64-Bit Server VM Temurin-21.0.8+9 (21.0.8+9-LTS, mixed mode, sharing, tiered, compressed oops, compressed class ptrs, parallel gc, windows-amd64)
GC Precious Log:
 CardTable entry size: 512
 CPUs: 8 total, 8 available
 Memory: 16180M
 Large Page Support: Disabled
 NUMA Support: Disabled
 Compressed Oops: Enabled (32-bit)
 Alignments: Space 512K, Generation 512K, Heap 2M
 Heap Min Capacity: 100M
 Heap Initial Capacity: 100M
 Heap Max Capacity: 2G
 Pre-touch: Disabled
 Parallel Workers: 8
Heap:
 PSYoungGen      total 10240K, used 4698K [0x00000000d5580000, 0x00000000d6100000, 0x0000000100000000)
  eden space 9728K, 43% used [0x00000000d5580000,0x00000000d599eb40,0x00000000d5f00000)
  from space 512K, 93% used [0x00000000d6000000,0x00000000d6078020,0x00000000d6080000)
  to   space 1024K, 0% used [0x00000000d5f00000,0x00000000d5f00000,0x00000000d6000000)
 ParOldGen       total 75264K, used 74927K [0x0000000080000000, 0x0000000084980000, 0x00000000d5580000)
  object space 75264K, 99% used [0x0000000080000000,0x000000008492bd30,0x0000000084980000)
 Metaspace       used 63572K, committed 65024K, reserved 1114112K
  class space    used 6753K, committed 7360K, reserved 1048576K
GC Heap History (20 events):
Event: 52.228 GC heap before
{Heap before GC invocations=78 (full 3):
 PSYoungGen      total 10752K, used 10752K [0x00000000d5580000, 0x00000000d6380000, 0x0000000100000000)
  eden space 9728K, 100% used [0x00000000d5580000,0x00000000d5f00000,0x00000000d5f00000)
  from space 1024K, 100% used [0x00000000d6100000,0x00000000d6200000,0x00000000d6200000)
  to   space 2048K, 0% used [0x00000000d5f00000,0x00000000d5f00000,0x00000000d6100000)
 ParOldGen       total 71168K, used 70876K [0x0000000080000000, 0x0000000084580000, 0x00000000d5580000)
  object space 71168K, 99% used [0x0000000080000000,0x00000000845372d8,0x0000000084580000)
 Metaspace       used 62094K, committed 63552K, reserved 1114112K
  class space    used 6641K, committed 7232K, reserved 1048576K
}
Event: 52.230 GC heap after
{Heap after GC invocations=78 (full 3):
 PSYoungGen      total 10752K, used 768K [0x00000000d5580000, 0x00000000d6200000, 0x0000000100000000)
  eden space 9728K, 0% used [0x00000000d5580000,0x00000000d5580000,0x00000000d5f00000)
  from space 1024K, 75% used [0x00000000d5f00000,0x00000000d5fc0000,0x00000000d6000000)
  to   space 1536K, 0% used [0x00000000d6080000,0x00000000d6080000,0x00000000d6200000)
 ParOldGen       total 72192K, used 71795K [0x0000000080000000, 0x0000000084680000, 0x00000000d5580000)
  object space 72192K, 99% used [0x0000000080000000,0x000000008461cfe8,0x0000000084680000)
 Metaspace       used 62094K, committed 63552K, reserved 1114112K
  class space    used 6641K, committed 7232K, reserved 1048576K
}
Event: 52.839 GC heap before
{Heap before GC invocations=79 (full 3):
 PSYoungGen      total 10752K, used 10496K [0x00000000d5580000, 0x00000000d6200000, 0x0000000100000000)
  eden space 9728K, 100% used [0x00000000d5580000,0x00000000d5f00000,0x00000000d5f00000)
  from space 1024K, 75% used [0x00000000d5f00000,0x00000000d5fc0000,0x00000000d6000000)
  to   space 1536K, 0% used [0x00000000d6080000,0x00000000d6080000,0x00000000d6200000)
 ParOldGen       total 72192K, used 71795K [0x0000000080000000, 0x0000000084680000, 0x00000000d5580000)
  object space 72192K, 99% used [0x0000000080000000,0x000000008461cfe8,0x0000000084680000)
 Metaspace       used 62224K, committed 63744K, reserved 1114112K
  class space    used 6642K, committed 7232K, reserved 1048576K
}
Event: 52.842 GC heap after
{Heap after GC invocations=79 (full 3):
 PSYoungGen      total 11264K, used 1152K [0x00000000d5580000, 0x00000000d6200000, 0x0000000100000000)
  eden space 9728K, 0% used [0x00000000d5580000,0x00000000d5580000,0x00000000d5f00000)
  from space 1536K, 75% used [0x00000000d6080000,0x00000000d61a0000,0x00000000d6200000)
  to   space 1536K, 0% used [0x00000000d5f00000,0x00000000d5f00000,0x00000000d6080000)
 ParOldGen       total 72704K, used 72347K [0x0000000080000000, 0x0000000084700000, 0x00000000d5580000)
  object space 72704K, 99% used [0x0000000080000000,0x00000000846a6fe8,0x0000000084700000)
 Metaspace       used 62224K, committed 63744K, reserved 1114112K
  class space    used 6642K, committed 7232K, reserved 1048576K
}
Event: 53.326 GC heap before
{Heap before GC invocations=80 (full 3):
 PSYoungGen      total 11264K, used 10880K [0x00000000d5580000, 0x00000000d6200000, 0x0000000100000000)
  eden space 9728K, 100% used [0x00000000d5580000,0x00000000d5f00000,0x00000000d5f00000)
  from space 1536K, 75% used [0x00000000d6080000,0x00000000d61a0000,0x00000000d6200000)
  to   space 1536K, 0% used [0x00000000d5f00000,0x00000000d5f00000,0x00000000d6080000)
 ParOldGen       total 72704K, used 72347K [0x0000000080000000, 0x0000000084700000, 0x00000000d5580000)
  object space 72704K, 99% used [0x0000000080000000,0x00000000846a6fe8,0x0000000084700000)
 Metaspace       used 62301K, committed 63808K, reserved 1114112K
  class space    used 6642K, committed 7232K, reserved 1048576K
}
Event: 53.328 GC heap after
{Heap after GC invocations=80 (full 3):
 PSYoungGen      total 10752K, used 704K [0x00000000d5580000, 0x00000000d6100000, 0x0000000100000000)
  eden space 9728K, 0% used [0x00000000d5580000,0x00000000d5580000,0x00000000d5f00000)
  from space 1024K, 68% used [0x00000000d5f00000,0x00000000d5fb0010,0x00000000d6000000)
  to   space 1024K, 0% used [0x00000000d6000000,0x00000000d6000000,0x00000000d6100000)
 ParOldGen       total 73216K, used 73002K [0x0000000080000000, 0x0000000084780000, 0x00000000d5580000)
  object space 73216K, 99% used [0x0000000080000000,0x000000008474aa80,0x0000000084780000)
 Metaspace       used 62301K, committed 63808K, reserved 1114112K
  class space    used 6642K, committed 7232K, reserved 1048576K
}
Event: 53.870 GC heap before
{Heap before GC invocations=81 (full 3):
 PSYoungGen      total 10752K, used 10430K [0x00000000d5580000, 0x00000000d6100000, 0x0000000100000000)
  eden space 9728K, 99% used [0x00000000d5580000,0x00000000d5effa20,0x00000000d5f00000)
  from space 1024K, 68% used [0x00000000d5f00000,0x00000000d5fb0010,0x00000000d6000000)
  to   space 1024K, 0% used [0x00000000d6000000,0x00000000d6000000,0x00000000d6100000)
 ParOldGen       total 73216K, used 73002K [0x0000000080000000, 0x0000000084780000, 0x00000000d5580000)
  object space 73216K, 99% used [0x0000000080000000,0x000000008474aa80,0x0000000084780000)
 Metaspace       used 62341K, committed 63808K, reserved 1114112K
  class space    used 6642K, committed 7232K, reserved 1048576K
}
Event: 53.872 GC heap after
{Heap after GC invocations=81 (full 3):
 PSYoungGen      total 10752K, used 768K [0x00000000d5580000, 0x00000000d6100000, 0x0000000100000000)
  eden space 9728K, 0% used [0x00000000d5580000,0x00000000d5580000,0x00000000d5f00000)
  from space 1024K, 75% used [0x00000000d6000000,0x00000000d60c0000,0x00000000d6100000)
  to   space 1024K, 0% used [0x00000000d5f00000,0x00000000d5f00000,0x00000000d6000000)
 ParOldGen       total 73728K, used 73378K [0x0000000080000000, 0x0000000084800000, 0x00000000d5580000)
  object space 73728K, 99% used [0x0000000080000000,0x00000000847a8a80,0x0000000084800000)
 Metaspace       used 62341K, committed 63808K, reserved 1114112K
  class space    used 6642K, committed 7232K, reserved 1048576K
}
Event: 54.432 GC heap before
{Heap before GC invocations=82 (full 3):
 PSYoungGen      total 10752K, used 10492K [0x00000000d5580000, 0x00000000d6100000, 0x0000000100000000)
  eden space 9728K, 99% used [0x00000000d5580000,0x00000000d5eff3c8,0x00000000d5f00000)
  from space 1024K, 75% used [0x00000000d6000000,0x00000000d60c0000,0x00000000d6100000)
  to   space 1024K, 0% used [0x00000000d5f00000,0x00000000d5f00000,0x00000000d6000000)
 ParOldGen       total 73728K, used 73378K [0x0000000080000000, 0x0000000084800000, 0x00000000d5580000)
  object space 73728K, 99% used [0x0000000080000000,0x00000000847a8a80,0x0000000084800000)
 Metaspace       used 62707K, committed 64256K, reserved 1114112K
  class space    used 6671K, committed 7296K, reserved 1048576K
}
Event: 54.433 GC heap after
{Heap after GC invocations=82 (full 3):
 PSYoungGen      total 10752K, used 749K [0x00000000d5580000, 0x00000000d6100000, 0x0000000100000000)
  eden space 9728K, 0% used [0x00000000d5580000,0x00000000d5580000,0x00000000d5f00000)
  from space 1024K, 73% used [0x00000000d5f00000,0x00000000d5fbb490,0x00000000d6000000)
  to   space 1024K, 0% used [0x00000000d6000000,0x00000000d6000000,0x00000000d6100000)
 ParOldGen       total 74240K, used 73794K [0x0000000080000000, 0x0000000084880000, 0x00000000d5580000)
  object space 74240K, 99% used [0x0000000080000000,0x0000000084810a80,0x0000000084880000)
 Metaspace       used 62707K, committed 64256K, reserved 1114112K
  class space    used 6671K, committed 7296K, reserved 1048576K
}
Event: 54.556 GC heap before
{Heap before GC invocations=83 (full 3):
 PSYoungGen      total 10752K, used 10477K [0x00000000d5580000, 0x00000000d6100000, 0x0000000100000000)
  eden space 9728K, 100% used [0x00000000d5580000,0x00000000d5f00000,0x00000000d5f00000)
  from space 1024K, 73% used [0x00000000d5f00000,0x00000000d5fbb490,0x00000000d6000000)
  to   space 1024K, 0% used [0x00000000d6000000,0x00000000d6000000,0x00000000d6100000)
 ParOldGen       total 74240K, used 73794K [0x0000000080000000, 0x0000000084880000, 0x00000000d5580000)
  object space 74240K, 99% used [0x0000000080000000,0x0000000084810a80,0x0000000084880000)
 Metaspace       used 62825K, committed 64320K, reserved 1114112K
  class space    used 6684K, committed 7296K, reserved 1048576K
}
Event: 54.558 GC heap after
{Heap after GC invocations=83 (full 3):
 PSYoungGen      total 10240K, used 256K [0x00000000d5580000, 0x00000000d6080000, 0x0000000100000000)
  eden space 9728K, 0% used [0x00000000d5580000,0x00000000d5580000,0x00000000d5f00000)
  from space 512K, 50% used [0x00000000d6000000,0x00000000d6040020,0x00000000d6080000)
  to   space 512K, 0% used [0x00000000d5f80000,0x00000000d5f80000,0x00000000d6000000)
 ParOldGen       total 74752K, used 74306K [0x0000000080000000, 0x0000000084900000, 0x00000000d5580000)
  object space 74752K, 99% used [0x0000000080000000,0x0000000084890a80,0x0000000084900000)
 Metaspace       used 62825K, committed 64320K, reserved 1114112K
  class space    used 6684K, committed 7296K, reserved 1048576K
}
Event: 54.919 GC heap before
{Heap before GC invocations=84 (full 3):
 PSYoungGen      total 10240K, used 9918K [0x00000000d5580000, 0x00000000d6080000, 0x0000000100000000)
  eden space 9728K, 99% used [0x00000000d5580000,0x00000000d5eef7f0,0x00000000d5f00000)
  from space 512K, 50% used [0x00000000d6000000,0x00000000d6040020,0x00000000d6080000)
  to   space 512K, 0% used [0x00000000d5f80000,0x00000000d5f80000,0x00000000d6000000)
 ParOldGen       total 74752K, used 74306K [0x0000000080000000, 0x0000000084900000, 0x00000000d5580000)
  object space 74752K, 99% used [0x0000000080000000,0x0000000084890a80,0x0000000084900000)
 Metaspace       used 62878K, committed 64384K, reserved 1114112K
  class space    used 6685K, committed 7296K, reserved 1048576K
}
Event: 54.920 GC heap after
{Heap after GC invocations=84 (full 3):
 PSYoungGen      total 10240K, used 410K [0x00000000d5580000, 0x00000000d6080000, 0x0000000100000000)
  eden space 9728K, 0% used [0x00000000d5580000,0x00000000d5580000,0x00000000d5f00000)
  from space 512K, 80% used [0x00000000d5f80000,0x00000000d5fe6920,0x00000000d6000000)
  to   space 512K, 0% used [0x00000000d6000000,0x00000000d6000000,0x00000000d6080000)
 ParOldGen       total 74752K, used 74439K [0x0000000080000000, 0x0000000084900000, 0x00000000d5580000)
  object space 74752K, 99% used [0x0000000080000000,0x00000000848b1d10,0x0000000084900000)
 Metaspace       used 62878K, committed 64384K, reserved 1114112K
  class space    used 6685K, committed 7296K, reserved 1048576K
}
Event: 54.957 GC heap before
{Heap before GC invocations=85 (full 3):
 PSYoungGen      total 10240K, used 10138K [0x00000000d5580000, 0x00000000d6080000, 0x0000000100000000)
  eden space 9728K, 100% used [0x00000000d5580000,0x00000000d5f00000,0x00000000d5f00000)
  from space 512K, 80% used [0x00000000d5f80000,0x00000000d5fe6920,0x00000000d6000000)
  to   space 512K, 0% used [0x00000000d6000000,0x00000000d6000000,0x00000000d6080000)
 ParOldGen       total 74752K, used 74439K [0x0000000080000000, 0x0000000084900000, 0x00000000d5580000)
  object space 74752K, 99% used [0x0000000080000000,0x00000000848b1d10,0x0000000084900000)
 Metaspace       used 62888K, committed 64384K, reserved 1114112K
  class space    used 6685K, committed 7296K, reserved 1048576K
}
Event: 54.958 GC heap after
{Heap after GC invocations=85 (full 3):
 PSYoungGen      total 10240K, used 192K [0x00000000d5580000, 0x00000000d6080000, 0x0000000100000000)
  eden space 9728K, 0% used [0x00000000d5580000,0x00000000d5580000,0x00000000d5f00000)
  from space 512K, 37% used [0x00000000d6000000,0x00000000d6030000,0x00000000d6080000)
  to   space 512K, 0% used [0x00000000d5f80000,0x00000000d5f80000,0x00000000d6000000)
 ParOldGen       total 74752K, used 74727K [0x0000000080000000, 0x0000000084900000, 0x00000000d5580000)
  object space 74752K, 99% used [0x0000000080000000,0x00000000848f9d30,0x0000000084900000)
 Metaspace       used 62888K, committed 64384K, reserved 1114112K
  class space    used 6685K, committed 7296K, reserved 1048576K
}
Event: 55.172 GC heap before
{Heap before GC invocations=86 (full 3):
 PSYoungGen      total 10240K, used 9920K [0x00000000d5580000, 0x00000000d6080000, 0x0000000100000000)
  eden space 9728K, 100% used [0x00000000d5580000,0x00000000d5f00000,0x00000000d5f00000)
  from space 512K, 37% used [0x00000000d6000000,0x00000000d6030000,0x00000000d6080000)
  to   space 512K, 0% used [0x00000000d5f80000,0x00000000d5f80000,0x00000000d6000000)
 ParOldGen       total 74752K, used 74727K [0x0000000080000000, 0x0000000084900000, 0x00000000d5580000)
  object space 74752K, 99% used [0x0000000080000000,0x00000000848f9d30,0x0000000084900000)
 Metaspace       used 63179K, committed 64640K, reserved 1114112K
  class space    used 6721K, committed 7296K, reserved 1048576K
}
Event: 55.173 GC heap after
{Heap after GC invocations=86 (full 3):
 PSYoungGen      total 10240K, used 448K [0x00000000d5580000, 0x00000000d6080000, 0x0000000100000000)
  eden space 9728K, 0% used [0x00000000d5580000,0x00000000d5580000,0x00000000d5f00000)
  from space 512K, 87% used [0x00000000d5f80000,0x00000000d5ff0000,0x00000000d6000000)
  to   space 512K, 0% used [0x00000000d6000000,0x00000000d6000000,0x00000000d6080000)
 ParOldGen       total 75264K, used 74791K [0x0000000080000000, 0x0000000084980000, 0x00000000d5580000)
  object space 75264K, 99% used [0x0000000080000000,0x0000000084909d30,0x0000000084980000)
 Metaspace       used 63179K, committed 64640K, reserved 1114112K
  class space    used 6721K, committed 7296K, reserved 1048576K
}
Event: 55.453 GC heap before
{Heap before GC invocations=87 (full 3):
 PSYoungGen      total 10240K, used 10176K [0x00000000d5580000, 0x00000000d6080000, 0x0000000100000000)
  eden space 9728K, 100% used [0x00000000d5580000,0x00000000d5f00000,0x00000000d5f00000)
  from space 512K, 87% used [0x00000000d5f80000,0x00000000d5ff0000,0x00000000d6000000)
  to   space 512K, 0% used [0x00000000d6000000,0x00000000d6000000,0x00000000d6080000)
 ParOldGen       total 75264K, used 74791K [0x0000000080000000, 0x0000000084980000, 0x00000000d5580000)
  object space 75264K, 99% used [0x0000000080000000,0x0000000084909d30,0x0000000084980000)
 Metaspace       used 63370K, committed 64832K, reserved 1114112K
  class space    used 6741K, committed 7360K, reserved 1048576K
}
Event: 55.454 GC heap after
{Heap after GC invocations=87 (full 3):
 PSYoungGen      total 10240K, used 480K [0x00000000d5580000, 0x00000000d6100000, 0x0000000100000000)
  eden space 9728K, 0% used [0x00000000d5580000,0x00000000d5580000,0x00000000d5f00000)
  from space 512K, 93% used [0x00000000d6000000,0x00000000d6078020,0x00000000d6080000)
  to   space 1024K, 0% used [0x00000000d5f00000,0x00000000d5f00000,0x00000000d6000000)
 ParOldGen       total 75264K, used 74927K [0x0000000080000000, 0x0000000084980000, 0x00000000d5580000)
  object space 75264K, 99% used [0x0000000080000000,0x000000008492bd30,0x0000000084980000)
 Metaspace       used 63370K, committed 64832K, reserved 1114112K
  class space    used 6741K, committed 7360K, reserved 1048576K
}

